2019-05-16 23:23:43.075 INFO model/init.go:62 init function
2019-05-16 23:23:43.078 ERROR model/init.go:32 Database connection failed. Database name: db_hr error: pq: role "dbuser" is not permitted to log in
2019-05-16 23:23:43.147 INFO hr-server/main.go:102 Start to listening the incoming requests on http address: :8080
2019-05-16 23:23:43.147 INFO hr-server/main.go:97 Start to listening the incoming requests on https address: :8081
2019-05-16 23:23:43.148 INFO hr-server/main.go:98 listen tcp :8081: bind: address already in use
2019-05-16 23:24:43.228 INFO hr-server/main.go:116 Waiting for the router, retry in 1 second.
2019-05-16 23:24:44.604 INFO hr-server/main.go:116 Waiting for the router, retry in 1 second.
2019-05-16 23:24:45.853 INFO hr-server/main.go:116 Waiting for the router, retry in 1 second.
2019-05-16 23:24:46.968 INFO hr-server/main.go:116 Waiting for the router, retry in 1 second.
2019-05-16 23:24:48.158 INFO hr-server/main.go:116 Waiting for the router, retry in 1 second.
2019-05-16 23:24:49.615 INFO hr-server/main.go:116 Waiting for the router, retry in 1 second.
2019-05-16 23:24:50.734 INFO hr-server/main.go:116 Waiting for the router, retry in 1 second.
2019-05-16 23:24:51.830 INFO hr-server/main.go:116 Waiting for the router, retry in 1 second.
2019-05-16 23:24:52.990 INFO hr-server/main.go:116 Waiting for the router, retry in 1 second.
2019-05-16 23:24:54.049 INFO hr-server/main.go:116 Waiting for the router, retry in 1 second.
2019-05-16 23:25:30.358 INFO model/init.go:62 init function
2019-05-16 23:25:30.362 ERROR model/init.go:32 Database connection failed. Database name: db_hr error: pq: role "dbuser" is not permitted to log in
2019-05-16 23:25:30.438 INFO hr-server/main.go:102 Start to listening the incoming requests on http address: :8080
2019-05-16 23:25:30.438 INFO hr-server/main.go:97 Start to listening the incoming requests on https address: :8081
2019-05-16 23:25:30.438 INFO hr-server/main.go:98 listen tcp :8081: bind: address already in use
2019-05-16 23:25:30.587 INFO hr-server/main.go:116 Waiting for the router, retry in 1 second.
2019-05-16 23:25:31.676 INFO hr-server/main.go:116 Waiting for the router, retry in 1 second.
2019-05-16 23:25:32.760 INFO hr-server/main.go:116 Waiting for the router, retry in 1 second.
2019-05-16 23:25:33.955 INFO hr-server/main.go:116 Waiting for the router, retry in 1 second.
2019-05-16 23:29:31.392 INFO model/init.go:62 init function
2019-05-16 23:29:31.395 ERROR model/init.go:32 Database connection failed. Database name: db_hr error: pq: role "dbuser" is not permitted to log in
2019-05-16 23:29:31.474 INFO hr-server/main.go:102 Start to listening the incoming requests on http address: :8080
2019-05-16 23:29:31.474 INFO hr-server/main.go:97 Start to listening the incoming requests on https address: :8081
2019-05-16 23:29:31.474 INFO hr-server/main.go:98 listen tcp :8081: bind: address already in use
2019-05-16 23:29:31.549 INFO hr-server/main.go:116 Waiting for the router, retry in 1 second.
2019-05-16 23:29:32.670 INFO hr-server/main.go:116 Waiting for the router, retry in 1 second.
2019-05-16 23:29:33.779 INFO hr-server/main.go:116 Waiting for the router, retry in 1 second.
2019-05-16 23:29:34.850 INFO hr-server/main.go:116 Waiting for the router, retry in 1 second.
2019-05-16 23:29:36.174 INFO hr-server/main.go:116 Waiting for the router, retry in 1 second.
2019-05-16 23:29:37.276 INFO hr-server/main.go:116 Waiting for the router, retry in 1 second.
2019-05-16 23:29:38.335 INFO hr-server/main.go:116 Waiting for the router, retry in 1 second.
2019-05-16 23:29:39.416 INFO hr-server/main.go:116 Waiting for the router, retry in 1 second.
2019-05-16 23:29:40.561 INFO hr-server/main.go:116 Waiting for the router, retry in 1 second.
2019-05-16 23:31:20.099 INFO model/init.go:62 init function
2019-05-16 23:31:20.107 ERROR model/init.go:32 Database connection failed. Database name: db_hr error: pq: role "dbuser" is not permitted to log in
2019-05-16 23:31:20.177 INFO hr-server/main.go:102 Start to listening the incoming requests on http address: :8080
2019-05-16 23:31:20.177 INFO hr-server/main.go:97 Start to listening the incoming requests on https address: :8081
2019-05-16 23:31:20.177 INFO hr-server/main.go:98 listen tcp :8081: bind: address already in use
2019-05-16 23:31:20.281 INFO hr-server/main.go:116 Waiting for the router, retry in 1 second.
2019-05-16 23:31:21.378 INFO hr-server/main.go:116 Waiting for the router, retry in 1 second.
2019-05-16 23:31:22.760 INFO hr-server/main.go:116 Waiting for the router, retry in 1 second.
2019-05-16 23:31:23.859 INFO hr-server/main.go:116 Waiting for the router, retry in 1 second.
2019-05-16 23:31:24.996 INFO hr-server/main.go:116 Waiting for the router, retry in 1 second.
2019-05-16 23:31:26.073 INFO hr-server/main.go:116 Waiting for the router, retry in 1 second.
2019-05-16 23:31:27.222 INFO hr-server/main.go:116 Waiting for the router, retry in 1 second.
2019-05-16 23:31:28.863 INFO hr-server/main.go:116 Waiting for the router, retry in 1 second.
2019-05-16 23:31:29.964 INFO hr-server/main.go:116 Waiting for the router, retry in 1 second.
2019-05-16 23:31:31.200 INFO hr-server/main.go:116 Waiting for the router, retry in 1 second.
2019-05-16 23:31:32.205 FATAL hr-server/main.go:87 The router has no response, or it might took too long to start up. error: cannot connect to the router
2019-05-16 23:34:47.076 INFO model/init.go:62 init function
2019-05-16 23:34:49.488 INFO hr-server/main.go:102 Start to listening the incoming requests on http address: :8080
2019-05-16 23:34:49.489 INFO hr-server/main.go:97 Start to listening the incoming requests on https address: :8081
2019-05-16 23:34:49.490 INFO hr-server/main.go:98 listen tcp :8081: bind: address already in use
2019-05-16 23:34:49.610 INFO hr-server/main.go:116 Waiting for the router, retry in 1 second.
2019-05-16 23:34:50.672 INFO hr-server/main.go:116 Waiting for the router, retry in 1 second.
2019-05-16 23:34:51.754 INFO hr-server/main.go:116 Waiting for the router, retry in 1 second.
2019-05-16 23:34:52.838 INFO hr-server/main.go:116 Waiting for the router, retry in 1 second.
2019-05-16 23:34:53.916 INFO hr-server/main.go:116 Waiting for the router, retry in 1 second.
2019-05-16 23:34:55.676 INFO hr-server/main.go:116 Waiting for the router, retry in 1 second.
2019-05-16 23:34:56.737 INFO hr-server/main.go:116 Waiting for the router, retry in 1 second.
2019-05-16 23:34:58.041 INFO hr-server/main.go:116 Waiting for the router, retry in 1 second.
2019-05-16 23:35:34.376 INFO user/login.go:55 Login function called.
2019-05-16 23:35:34.376 INFO middleware/logging.go:85 90.092ms      | 127.0.0.1    | POST /api/login | {code: 200, message: OK}
2019-05-16 23:35:59.119 INFO hr-server/main.go:116 Waiting for the router, retry in 1 second.
2019-05-16 23:36:00.193 INFO hr-server/main.go:116 Waiting for the router, retry in 1 second.
2019-05-16 23:36:01.197 FATAL hr-server/main.go:87 The router has no response, or it might took too long to start up. error: cannot connect to the router
2019-05-16 23:38:38.164 INFO model/init.go:62 init function
2019-05-16 23:38:41.313 INFO hr-server/main.go:102 Start to listening the incoming requests on http address: :8080
2019-05-16 23:38:41.313 INFO hr-server/main.go:97 Start to listening the incoming requests on https address: :8081
2019-05-16 23:38:41.313 INFO hr-server/main.go:98 listen tcp :8081: bind: address already in use
2019-05-16 23:38:41.386 INFO hr-server/main.go:116 Waiting for the router, retry in 1 second.
2019-05-16 23:38:42.727 INFO hr-server/main.go:116 Waiting for the router, retry in 1 second.
2019-05-16 23:38:46.132 INFO hr-server/main.go:116 Waiting for the router, retry in 1 second.
2019-05-16 23:38:47.375 INFO hr-server/main.go:116 Waiting for the router, retry in 1 second.
2019-05-16 23:38:48.451 INFO hr-server/main.go:116 Waiting for the router, retry in 1 second.
2019-05-16 23:38:50.227 INFO hr-server/main.go:116 Waiting for the router, retry in 1 second.
2019-05-16 23:38:52.006 INFO hr-server/main.go:116 Waiting for the router, retry in 1 second.
2019-05-16 23:38:54.083 INFO hr-server/main.go:116 Waiting for the router, retry in 1 second.
2019-05-16 23:38:55.589 INFO hr-server/main.go:116 Waiting for the router, retry in 1 second.
2019-05-16 23:38:56.658 INFO hr-server/main.go:116 Waiting for the router, retry in 1 second.
2019-05-16 23:38:57.663 FATAL hr-server/main.go:87 The router has no response, or it might took too long to start up. error: cannot connect to the router
2019-05-16 23:40:21.635 INFO model/init.go:62 init function
2019-05-16 23:40:24.657 INFO hr-server/main.go:103 Start to listening the incoming requests on http address: :8080
2019-05-16 23:40:24.657 INFO hr-server/main.go:98 Start to listening the incoming requests on https address: :8081
2019-05-16 23:40:24.657 INFO hr-server/main.go:99 listen tcp :8081: bind: address already in use
2019-05-16 23:40:24.746 INFO hr-server/main.go:117 Waiting for the router, retry in 1 second.
2019-05-16 23:40:25.988 INFO hr-server/main.go:117 Waiting for the router, retry in 1 second.
2019-05-16 23:40:27.090 INFO hr-server/main.go:117 Waiting for the router, retry in 1 second.
2019-05-16 23:40:28.178 INFO hr-server/main.go:117 Waiting for the router, retry in 1 second.
2019-05-16 23:40:29.293 INFO hr-server/main.go:117 Waiting for the router, retry in 1 second.
2019-05-16 23:40:30.457 INFO hr-server/main.go:117 Waiting for the router, retry in 1 second.
2019-05-16 23:40:31.583 INFO hr-server/main.go:117 Waiting for the router, retry in 1 second.
2019-05-16 23:40:33.355 INFO hr-server/main.go:117 Waiting for the router, retry in 1 second.
2019-05-16 23:40:34.424 INFO hr-server/main.go:117 Waiting for the router, retry in 1 second.
2019-05-16 23:40:35.752 INFO hr-server/main.go:117 Waiting for the router, retry in 1 second.
2019-05-16 23:40:36.753 ERROR hr-server/main.go:87 pingServer err error: cannot connect to the router
2019-05-16 23:40:36.753 FATAL hr-server/main.go:88 The router has no response, or it might took too long to start up. error: cannot connect to the router
2019-05-16 23:41:28.896 INFO model/init.go:62 init function
2019-05-16 23:41:31.953 INFO hr-server/main.go:103 Start to listening the incoming requests on http address: :8080
2019-05-16 23:41:31.953 INFO hr-server/main.go:98 Start to listening the incoming requests on https address: :8081
2019-05-16 23:41:31.974 INFO hr-server/main.go:99 listen tcp :8081: bind: address already in use
2019-05-16 23:41:32.021 INFO hr-server/main.go:118 Waiting for the router, retry in 1 second.
2019-05-16 23:41:33.313 INFO hr-server/main.go:118 Waiting for the router, retry in 1 second.
2019-05-16 23:41:34.673 INFO hr-server/main.go:118 Waiting for the router, retry in 1 second.
2019-05-16 23:41:36.430 INFO hr-server/main.go:118 Waiting for the router, retry in 1 second.
2019-05-16 23:41:37.756 INFO hr-server/main.go:118 Waiting for the router, retry in 1 second.
2019-05-16 23:41:39.088 INFO hr-server/main.go:118 Waiting for the router, retry in 1 second.
2019-05-16 23:41:40.172 INFO hr-server/main.go:118 Waiting for the router, retry in 1 second.
2019-05-16 23:41:41.245 INFO hr-server/main.go:118 Waiting for the router, retry in 1 second.
2019-05-16 23:41:42.373 INFO hr-server/main.go:118 Waiting for the router, retry in 1 second.
2019-05-16 23:41:43.441 INFO hr-server/main.go:118 Waiting for the router, retry in 1 second.
2019-05-16 23:41:44.444 ERROR hr-server/main.go:87 pingServer err error: cannot connect to the router
2019-05-16 23:41:44.444 FATAL hr-server/main.go:88 The router has no response, or it might took too long to start up. error: cannot connect to the router
2019-05-16 23:42:01.309 INFO model/init.go:62 init function
2019-05-16 23:42:04.392 INFO hr-server/main.go:103 Start to listening the incoming requests on http address: :8080
2019-05-16 23:42:04.392 INFO hr-server/main.go:98 Start to listening the incoming requests on https address: :8081
2019-05-16 23:42:04.392 INFO hr-server/main.go:99 listen tcp :8081: bind: address already in use
2019-05-16 23:42:04.453 INFO hr-server/main.go:118 Waiting for the router, retry in 1 second.
2019-05-16 23:42:06.264 INFO hr-server/main.go:118 Waiting for the router, retry in 1 second.
2019-05-16 23:42:07.374 INFO hr-server/main.go:118 Waiting for the router, retry in 1 second.
2019-05-16 23:42:09.679 INFO hr-server/main.go:118 Waiting for the router, retry in 1 second.
2019-05-16 23:42:10.779 INFO hr-server/main.go:118 Waiting for the router, retry in 1 second.
2019-05-16 23:42:12.112 INFO hr-server/main.go:118 Waiting for the router, retry in 1 second.
2019-05-16 23:42:13.894 INFO hr-server/main.go:118 Waiting for the router, retry in 1 second.
2019-05-16 23:42:14.976 INFO hr-server/main.go:118 Waiting for the router, retry in 1 second.
2019-05-16 23:42:16.098 INFO hr-server/main.go:118 Waiting for the router, retry in 1 second.
2019-05-16 23:42:17.829 INFO hr-server/main.go:118 Waiting for the router, retry in 1 second.
2019-05-16 23:42:18.830 ERROR hr-server/main.go:87 pingServer err error: cannot connect to the router
2019-05-16 23:42:18.830 INFO hr-server/main.go:90 The router has been deployed successfully.
2019-05-19 00:33:21.497 INFO model/init.go:62 init function
2019-05-19 00:33:26.735 INFO hr-server/main.go:103 Start to listening the incoming requests on http address: :8080
2019-05-19 00:33:26.735 INFO hr-server/main.go:98 Start to listening the incoming requests on https address: :8081
2019-05-19 00:33:26.735 INFO hr-server/main.go:99 listen tcp :8081: bind: address already in use
2019-05-19 00:33:26.808 INFO hr-server/main.go:118 Waiting for the router, retry in 1 second.
2019-05-19 00:33:28.451 INFO hr-server/main.go:118 Waiting for the router, retry in 1 second.
2019-05-19 00:33:29.943 INFO hr-server/main.go:118 Waiting for the router, retry in 1 second.
2019-05-19 00:33:31.220 INFO hr-server/main.go:118 Waiting for the router, retry in 1 second.
2019-05-19 00:33:32.925 INFO hr-server/main.go:118 Waiting for the router, retry in 1 second.
2019-05-19 00:33:34.714 INFO hr-server/main.go:118 Waiting for the router, retry in 1 second.
2019-05-19 00:33:37.525 INFO hr-server/main.go:118 Waiting for the router, retry in 1 second.
2019-05-19 00:33:41.465 INFO hr-server/main.go:118 Waiting for the router, retry in 1 second.
2019-05-19 00:33:45.118 INFO hr-server/main.go:118 Waiting for the router, retry in 1 second.
2019-05-19 00:33:46.525 INFO hr-server/main.go:118 Waiting for the router, retry in 1 second.
2019-05-19 00:33:47.531 ERROR hr-server/main.go:87 pingServer err error: cannot connect to the router
2019-05-19 00:33:47.531 INFO hr-server/main.go:90 The router has been deployed successfully.
2019-05-19 00:46:15.072 INFO user/login.go:55 Login function called.
2019-05-19 00:46:15.072 INFO middleware/logging.go:85 89.952ms      | 127.0.0.1    | POST /api/login | {code: 200, message: OK}
2019-05-19 00:46:21.976 INFO user/login.go:55 Login function called.
2019-05-19 00:46:21.976 INFO middleware/logging.go:85 84.091ms      | 127.0.0.1    | POST /api/login | {code: 200, message: OK}
2019-05-19 00:48:14.220 INFO user/login.go:55 Login function called.
2019-05-19 00:48:14.221 INFO middleware/logging.go:85 82.873ms      | 127.0.0.1    | POST /api/login | {code: 200, message: OK}
2019-05-19 00:54:35.496 INFO model/init.go:62 init function
2019-05-19 00:54:38.070 INFO hr-server/main.go:103 Start to listening the incoming requests on http address: :8080
2019-05-19 00:54:38.070 INFO hr-server/main.go:98 Start to listening the incoming requests on https address: :8081
2019-05-19 00:54:38.070 INFO hr-server/main.go:99 listen tcp :8081: bind: address already in use
2019-05-19 00:54:42.649 INFO hr-server/main.go:118 Waiting for the router, retry in 1 second.
2019-05-19 00:54:47.200 INFO hr-server/main.go:118 Waiting for the router, retry in 1 second.
2019-05-19 00:54:49.637 INFO hr-server/main.go:118 Waiting for the router, retry in 1 second.
2019-05-19 00:54:52.303 INFO hr-server/main.go:118 Waiting for the router, retry in 1 second.
2019-05-19 00:54:53.620 INFO hr-server/main.go:118 Waiting for the router, retry in 1 second.
2019-05-19 00:54:54.903 INFO hr-server/main.go:118 Waiting for the router, retry in 1 second.
2019-05-19 00:54:56.111 INFO hr-server/main.go:118 Waiting for the router, retry in 1 second.
2019-05-19 00:54:57.483 INFO hr-server/main.go:118 Waiting for the router, retry in 1 second.
2019-05-19 00:54:58.863 INFO hr-server/main.go:118 Waiting for the router, retry in 1 second.
2019-05-19 00:54:59.989 INFO hr-server/main.go:118 Waiting for the router, retry in 1 second.
2019-05-19 00:55:00.990 ERROR hr-server/main.go:87 pingServer err error: cannot connect to the router
2019-05-19 00:55:00.990 INFO hr-server/main.go:90 The router has been deployed successfully.
2019-05-19 00:57:34.296 INFO model/init.go:62 init function
2019-05-19 00:57:37.424 INFO hr-server/main.go:103 Start to listening the incoming requests on http address: :8080
2019-05-19 00:57:37.424 INFO hr-server/main.go:98 Start to listening the incoming requests on https address: :8081
2019-05-19 00:57:37.424 INFO hr-server/main.go:99 listen tcp :8081: bind: address already in use
2019-05-19 00:57:37.926 INFO hr-server/main.go:117 Waiting for the router, retry in 1 second.
2019-05-19 00:57:39.411 INFO hr-server/main.go:117 Waiting for the router, retry in 1 second.
2019-05-19 00:57:40.943 INFO hr-server/main.go:117 Waiting for the router, retry in 1 second.
2019-05-19 00:57:42.565 INFO hr-server/main.go:117 Waiting for the router, retry in 1 second.
2019-05-19 00:57:44.264 INFO hr-server/main.go:117 Waiting for the router, retry in 1 second.
2019-05-19 00:57:45.717 INFO hr-server/main.go:117 Waiting for the router, retry in 1 second.
2019-05-19 00:57:47.094 INFO hr-server/main.go:117 Waiting for the router, retry in 1 second.
2019-05-19 00:57:48.149 INFO hr-server/main.go:117 Waiting for the router, retry in 1 second.
2019-05-19 00:57:49.777 INFO hr-server/main.go:117 Waiting for the router, retry in 1 second.
2019-05-19 00:57:51.469 INFO hr-server/main.go:117 Waiting for the router, retry in 1 second.
2019-05-19 00:57:52.471 ERROR hr-server/main.go:87 pingServer err error: cannot connect to the router
2019-05-19 00:57:52.471 INFO hr-server/main.go:90 The router has been deployed successfully.
2019-05-19 01:00:10.341 INFO hr-server/main.go:103 Start to listening the incoming requests on http address: :8080
2019-05-19 01:00:10.341 INFO hr-server/main.go:98 Start to listening the incoming requests on https address: :8081
2019-05-19 01:00:10.341 INFO hr-server/main.go:104 listen tcp :8080: bind: address already in use
2019-05-19 01:00:10.341 INFO hr-server/main.go:99 listen tcp :8081: bind: address already in use
2019-05-19 01:00:49.643 INFO hr-server/main.go:103 Start to listening the incoming requests on http address: :8080
2019-05-19 01:00:49.643 INFO hr-server/main.go:98 Start to listening the incoming requests on https address: :8081
2019-05-19 01:00:49.644 INFO hr-server/main.go:104 listen tcp :8080: bind: address already in use
2019-05-19 01:00:49.644 INFO hr-server/main.go:99 listen tcp :8081: bind: address already in use
2019-05-19 01:01:06.485 INFO hr-server/main.go:103 Start to listening the incoming requests on http address: :8080
2019-05-19 01:01:06.485 INFO hr-server/main.go:98 Start to listening the incoming requests on https address: :8081
2019-05-19 01:01:06.485 INFO hr-server/main.go:99 listen tcp :8081: bind: address already in use
2019-05-19 01:01:06.800 INFO hr-server/main.go:117 Waiting for the router, retry in 1 second.
2019-05-19 01:01:08.434 INFO hr-server/main.go:117 Waiting for the router, retry in 1 second.
2019-05-19 01:01:10.406 INFO hr-server/main.go:117 Waiting for the router, retry in 1 second.
2019-05-19 01:01:11.823 INFO hr-server/main.go:117 Waiting for the router, retry in 1 second.
2019-05-19 01:01:12.992 INFO hr-server/main.go:117 Waiting for the router, retry in 1 second.
2019-05-19 01:01:15.312 INFO hr-server/main.go:117 Waiting for the router, retry in 1 second.
2019-05-19 01:01:16.623 INFO hr-server/main.go:117 Waiting for the router, retry in 1 second.
2019-05-19 01:01:17.933 INFO hr-server/main.go:117 Waiting for the router, retry in 1 second.
2019-05-19 01:01:20.089 INFO hr-server/main.go:117 Waiting for the router, retry in 1 second.
2019-05-19 01:01:21.331 INFO hr-server/main.go:117 Waiting for the router, retry in 1 second.
2019-05-19 01:01:22.336 ERROR hr-server/main.go:87 pingServer err error: cannot connect to the router
2019-05-19 01:01:22.336 INFO hr-server/main.go:90 The router has been deployed successfully.
2019-05-19 01:02:07.737 INFO hr-server/main.go:103 Start to listening the incoming requests on http address: :8080
2019-05-19 01:02:07.737 INFO hr-server/main.go:98 Start to listening the incoming requests on https address: :8081
2019-05-19 01:02:07.738 INFO hr-server/main.go:99 listen tcp :8081: bind: address already in use
2019-05-19 01:02:08.806 INFO hr-server/main.go:117 Waiting for the router, retry in 1 second.
2019-05-19 01:02:10.071 INFO hr-server/main.go:117 Waiting for the router, retry in 1 second.
2019-05-19 01:02:11.180 INFO hr-server/main.go:117 Waiting for the router, retry in 1 second.
2019-05-19 01:02:12.727 INFO hr-server/main.go:117 Waiting for the router, retry in 1 second.
2019-05-19 01:02:14.723 INFO hr-server/main.go:117 Waiting for the router, retry in 1 second.
2019-05-19 01:02:17.696 INFO hr-server/main.go:117 Waiting for the router, retry in 1 second.
2019-05-19 01:02:19.665 INFO hr-server/main.go:117 Waiting for the router, retry in 1 second.
2019-05-19 01:02:20.803 INFO hr-server/main.go:117 Waiting for the router, retry in 1 second.
2019-05-19 01:02:23.362 INFO hr-server/main.go:117 Waiting for the router, retry in 1 second.
2019-05-19 01:02:23.874 INFO user/login.go:55 Login function called. ID: 1 | username: admin | info: login success
2019-05-19 01:02:23.874 INFO middleware/logging.go:83 90.784ms      | 127.0.0.1    | POST /api/login | {code: 200, message: OK}
2019-05-19 01:02:25.462 INFO hr-server/main.go:117 Waiting for the router, retry in 1 second.
2019-05-19 01:02:26.467 ERROR hr-server/main.go:87 pingServer err error: cannot connect to the router
2019-05-19 01:02:26.467 INFO hr-server/main.go:90 The router has been deployed successfully.
2019-12-10 20:37:08.867 INFO hr-server/main.go:103 Start to listening the incoming requests on http address: :8080
2019-12-10 20:37:08.868 INFO hr-server/main.go:98 Start to listening the incoming requests on https address: :8081
2019-12-10 20:37:08.868 INFO hr-server/main.go:99 listen tcp :8081: bind: address already in use
2019-12-10 20:37:08.869 INFO hr-server/main.go:90 The router has been deployed successfully.
2019-12-10 20:37:37.391 INFO middleware/auth.go:20 user have passed authenticated and trying to access resource . ID: 22 | username: admin | resource: /api/v1/audit/list?offset=0&limit=20&state=-1  
2019-12-10 20:37:37.452 INFO middleware/auth.go:20 user have passed authenticated and trying to access resource . ID: 22 | username: admin | resource: /api/v1/audit/list?offset=0&limit=20&state=-1  
2019-12-10 20:37:37.511 INFO middleware/auth.go:20 user have passed authenticated and trying to access resource . ID: 22 | username: admin | resource: /api/v1/audit/list?offset=0&limit=20&state=-1  
2019-12-10 20:37:55.605 INFO middleware/auth.go:20 user have passed authenticated and trying to access resource . ID: 22 | username: admin | resource: /api/v1/audit/list?offset=0&limit=20&state=-1  
2019-12-10 20:37:55.639 INFO middleware/auth.go:20 user have passed authenticated and trying to access resource . ID: 22 | username: admin | resource: /api/v1/audit/list?offset=0&limit=20&state=-1  
2019-12-10 20:37:55.702 INFO middleware/auth.go:20 user have passed authenticated and trying to access resource . ID: 22 | username: admin | resource: /api/v1/audit/list?offset=0&limit=20&state=-1  
2019-12-10 20:38:38.688 INFO middleware/auth.go:20 user have passed authenticated and trying to access resource . ID: 22 | username: admin | resource: /api/v1/audit/list?offset=0&limit=20&state=-1  
2019-12-10 20:38:38.718 INFO middleware/auth.go:20 user have passed authenticated and trying to access resource . ID: 22 | username: admin | resource: /api/v1/audit/list?offset=0&limit=20&state=-1  
2019-12-10 20:38:38.816 INFO middleware/auth.go:20 user have passed authenticated and trying to access resource . ID: 22 | username: admin | resource: /api/v1/audit/list?offset=0&limit=20&state=-1  
2019-12-10 20:38:43.493 INFO middleware/auth.go:20 user have passed authenticated and trying to access resource . ID: 22 | username: admin | resource: /api/v1/audit/list?offset=0&limit=20&state=-1  
2019-12-10 20:38:43.588 INFO middleware/auth.go:20 user have passed authenticated and trying to access resource . ID: 22 | username: admin | resource: /api/v1/audit/list?offset=0&limit=20&state=-1  
2019-12-10 20:38:43.689 INFO middleware/auth.go:20 user have passed authenticated and trying to access resource . ID: 22 | username: admin | resource: /api/v1/audit/list?offset=0&limit=20&state=-1  
2019-12-10 20:39:16.681 INFO user/login.go:55 Login function called. ID: 1 | username: admin | info: login success
2019-12-10 20:39:16.683 INFO middleware/logging.go:83 93.888ms      | 127.0.0.1    | POST /api/login | {code: 200, message: OK}
2019-12-10 20:39:30.642 INFO user/login.go:55 Login function called. ID: 1 | username: admin | info: login success
2019-12-10 20:39:30.642 INFO middleware/logging.go:83 94.084ms      | 127.0.0.1    | POST /api/login | {code: 200, message: OK}
2019-12-10 20:57:09.489 INFO user/login.go:55 Login function called. ID: 1 | username: admin | info: login success
2019-12-10 20:57:09.490 INFO middleware/logging.go:83 93.971ms      | 127.0.0.1    | POST /api/login | {code: 200, message: OK}
